:clean
:dependencies

------------------------------------------------------------
Root project
------------------------------------------------------------

runtime - Runtime dependencies for source set 'main'.
+--- org.springframework.boot:spring-boot-devtools: -> 1.4.1.RELEASE
|    +--- org.springframework.boot:spring-boot:1.4.1.RELEASE
|    |    +--- org.springframework:spring-core:4.3.3.RELEASE -> 4.3.1.RELEASE
|    |    \--- org.springframework:spring-context:4.3.3.RELEASE
|    |         +--- org.springframework:spring-aop:4.3.3.RELEASE
|    |         |    +--- org.springframework:spring-beans:4.3.3.RELEASE
|    |         |    |    \--- org.springframework:spring-core:4.3.3.RELEASE -> 4.3.1.RELEASE
|    |         |    \--- org.springframework:spring-core:4.3.3.RELEASE -> 4.3.1.RELEASE
|    |         +--- org.springframework:spring-beans:4.3.3.RELEASE (*)
|    |         +--- org.springframework:spring-core:4.3.3.RELEASE -> 4.3.1.RELEASE
|    |         \--- org.springframework:spring-expression:4.3.3.RELEASE
|    |              \--- org.springframework:spring-core:4.3.3.RELEASE -> 4.3.1.RELEASE
|    \--- org.springframework.boot:spring-boot-autoconfigure:1.4.1.RELEASE
|         \--- org.springframework.boot:spring-boot:1.4.1.RELEASE (*)
+--- org.slf4j:slf4j-api:1.7.21
+--- org.springframework.boot:spring-boot-starter-web:1.4.1.RELEASE
|    +--- org.springframework.boot:spring-boot-starter:1.4.1.RELEASE
|    |    +--- org.springframework.boot:spring-boot:1.4.1.RELEASE (*)
|    |    +--- org.springframework.boot:spring-boot-autoconfigure:1.4.1.RELEASE (*)
|    |    +--- org.springframework.boot:spring-boot-starter-logging:1.4.1.RELEASE
|    |    |    +--- ch.qos.logback:logback-classic:1.1.7 -> 1.0.13
|    |    |    |    +--- ch.qos.logback:logback-core:1.0.13
|    |    |    |    \--- org.slf4j:slf4j-api:1.7.5 -> 1.7.21
|    |    |    +--- org.slf4j:jcl-over-slf4j:1.7.21
|    |    |    |    \--- org.slf4j:slf4j-api:1.7.21
|    |    |    \--- org.slf4j:jul-to-slf4j:1.7.21
|    |    |         \--- org.slf4j:slf4j-api:1.7.21
|    |    +--- org.springframework:spring-core:4.3.3.RELEASE -> 4.3.1.RELEASE
|    |    \--- org.yaml:snakeyaml:1.17
|    +--- org.springframework.boot:spring-boot-starter-tomcat:1.4.1.RELEASE
|    |    +--- org.apache.tomcat.embed:tomcat-embed-core:8.5.5
|    |    +--- org.apache.tomcat.embed:tomcat-embed-el:8.5.5
|    |    \--- org.apache.tomcat.embed:tomcat-embed-websocket:8.5.5
|    |         \--- org.apache.tomcat.embed:tomcat-embed-core:8.5.5
|    +--- org.hibernate:hibernate-validator:5.2.4.Final
|    |    +--- javax.validation:validation-api:1.1.0.Final
|    |    +--- org.jboss.logging:jboss-logging:3.2.1.Final -> 3.3.0.Final
|    |    \--- com.fasterxml:classmate:1.1.0 -> 1.3.1
|    +--- com.fasterxml.jackson.core:jackson-databind:2.8.3 -> 2.8.0
|    |    +--- com.fasterxml.jackson.core:jackson-annotations:2.8.0 -> 2.8.3
|    |    \--- com.fasterxml.jackson.core:jackson-core:2.8.0 -> 2.8.3
|    +--- org.springframework:spring-web:4.3.3.RELEASE -> 4.3.1.RELEASE
|    |    +--- org.springframework:spring-aop:4.3.1.RELEASE -> 4.3.3.RELEASE (*)
|    |    +--- org.springframework:spring-beans:4.3.1.RELEASE -> 4.3.3.RELEASE (*)
|    |    +--- org.springframework:spring-context:4.3.1.RELEASE -> 4.3.3.RELEASE (*)
|    |    \--- org.springframework:spring-core:4.3.1.RELEASE
|    \--- org.springframework:spring-webmvc:4.3.3.RELEASE -> 4.3.1.RELEASE
|         +--- org.springframework:spring-aop:4.3.1.RELEASE -> 4.3.3.RELEASE (*)
|         +--- org.springframework:spring-beans:4.3.1.RELEASE -> 4.3.3.RELEASE (*)
|         +--- org.springframework:spring-context:4.3.1.RELEASE -> 4.3.3.RELEASE (*)
|         +--- org.springframework:spring-core:4.3.1.RELEASE
|         +--- org.springframework:spring-expression:4.3.1.RELEASE -> 4.3.3.RELEASE (*)
|         \--- org.springframework:spring-web:4.3.1.RELEASE (*)
+--- org.springframework.boot:spring-boot:1.4.1.RELEASE (*)
+--- org.springframework:spring-core:4.3.1.RELEASE
+--- org.springframework:spring-web:4.3.1.RELEASE (*)
+--- org.springframework.data:spring-data-jpa:1.10.2.RELEASE
|    +--- org.springframework.data:spring-data-commons:1.12.2.RELEASE -> 1.12.3.RELEASE
|    |    +--- org.springframework:spring-core:4.2.8.RELEASE -> 4.3.1.RELEASE
|    |    +--- org.springframework:spring-beans:4.2.8.RELEASE -> 4.3.3.RELEASE (*)
|    |    +--- org.slf4j:slf4j-api:1.7.21
|    |    \--- org.slf4j:jcl-over-slf4j:1.7.21 (*)
|    +--- org.springframework:spring-orm:4.2.6.RELEASE -> 4.3.1.RELEASE
|    |    +--- org.springframework:spring-beans:4.3.1.RELEASE -> 4.3.3.RELEASE (*)
|    |    +--- org.springframework:spring-core:4.3.1.RELEASE
|    |    +--- org.springframework:spring-jdbc:4.3.1.RELEASE
|    |    |    +--- org.springframework:spring-beans:4.3.1.RELEASE -> 4.3.3.RELEASE (*)
|    |    |    +--- org.springframework:spring-core:4.3.1.RELEASE
|    |    |    \--- org.springframework:spring-tx:4.3.1.RELEASE -> 4.3.3.RELEASE
|    |    |         +--- org.springframework:spring-beans:4.3.3.RELEASE (*)
|    |    |         \--- org.springframework:spring-core:4.3.3.RELEASE -> 4.3.1.RELEASE
|    |    \--- org.springframework:spring-tx:4.3.1.RELEASE -> 4.3.3.RELEASE (*)
|    +--- org.springframework:spring-context:4.2.6.RELEASE -> 4.3.3.RELEASE (*)
|    +--- org.springframework:spring-aop:4.2.6.RELEASE -> 4.3.3.RELEASE (*)
|    +--- org.springframework:spring-tx:4.2.6.RELEASE -> 4.3.3.RELEASE (*)
|    +--- org.springframework:spring-beans:4.2.6.RELEASE -> 4.3.3.RELEASE (*)
|    +--- org.springframework:spring-core:4.2.6.RELEASE -> 4.3.1.RELEASE
|    +--- org.aspectj:aspectjrt:1.8.9
|    +--- org.slf4j:slf4j-api:1.7.21
|    \--- org.slf4j:jcl-over-slf4j:1.7.21 (*)
+--- org.springframework.batch:spring-batch-core:3.0.7.RELEASE
|    +--- com.ibm.jbatch:com.ibm.jbatch-tck-spi:1.0
|    |    \--- javax.batch:javax.batch-api:1.0
|    +--- com.thoughtworks.xstream:xstream:1.4.7
|    |    +--- xmlpull:xmlpull:1.1.3.1
|    |    \--- xpp3:xpp3_min:1.1.4c
|    +--- org.codehaus.jettison:jettison:1.2
|    +--- org.springframework.batch:spring-batch-infrastructure:3.0.7.RELEASE
|    |    \--- org.springframework.retry:spring-retry:1.1.0.RELEASE -> 1.1.4.RELEASE
|    |         \--- org.springframework:spring-core:4.0.4.RELEASE -> 4.3.1.RELEASE
|    +--- org.springframework:spring-aop:4.0.5.RELEASE -> 4.3.3.RELEASE (*)
|    +--- org.springframework:spring-beans:4.0.5.RELEASE -> 4.3.3.RELEASE (*)
|    +--- org.springframework:spring-context:4.0.5.RELEASE -> 4.3.3.RELEASE (*)
|    +--- org.springframework:spring-core:4.0.5.RELEASE -> 4.3.1.RELEASE
|    \--- org.springframework:spring-tx:4.0.5.RELEASE -> 4.3.3.RELEASE (*)
+--- org.springframework:spring-webmvc:4.3.1.RELEASE (*)
+--- org.springframework:spring-context-support:4.3.1.RELEASE
|    +--- org.springframework:spring-beans:4.3.1.RELEASE -> 4.3.3.RELEASE (*)
|    +--- org.springframework:spring-context:4.3.1.RELEASE -> 4.3.3.RELEASE (*)
|    \--- org.springframework:spring-core:4.3.1.RELEASE
+--- com.fasterxml.jackson.core:jackson-databind:2.8.0 (*)
+--- com.fasterxml.jackson.dataformat:jackson-dataformat-xml:2.8.0
|    +--- com.fasterxml.jackson.core:jackson-core:2.8.0 -> 2.8.3
|    +--- com.fasterxml.jackson.core:jackson-annotations:2.8.0 -> 2.8.3
|    +--- com.fasterxml.jackson.core:jackson-databind:2.8.0 (*)
|    +--- com.fasterxml.jackson.module:jackson-module-jaxb-annotations:2.8.0 -> 2.8.3
|    |    +--- com.fasterxml.jackson.core:jackson-core:2.8.3
|    |    +--- com.fasterxml.jackson.core:jackson-annotations:2.8.0 -> 2.8.3
|    |    \--- com.fasterxml.jackson.core:jackson-databind:2.8.3 -> 2.8.0 (*)
|    +--- org.codehaus.woodstox:stax2-api:3.1.4
|    \--- com.fasterxml.woodstox:woodstox-core:5.0.2
|         \--- org.codehaus.woodstox:stax2-api:3.1.4
+--- org.apache.velocity:velocity:1.7
|    +--- commons-collections:commons-collections:3.2.1 -> 3.2.2
|    \--- commons-lang:commons-lang:2.4
+--- org.freemarker:freemarker:2.3.23
+--- com.jayway.jsonpath:json-path:2.2.0
|    +--- net.minidev:json-smart:2.2.1
|    |    \--- net.minidev:accessors-smart:1.1
|    |         \--- org.ow2.asm:asm:5.0.3
|    \--- org.slf4j:slf4j-api:1.7.16 -> 1.7.21
+--- org.springframework:spring-jdbc:4.3.1.RELEASE (*)
+--- org.springframework:spring-orm:4.3.1.RELEASE (*)
+--- org.hibernate:hibernate-core:5.2.1.Final
|    +--- org.jboss.logging:jboss-logging:3.3.0.Final
|    +--- org.hibernate.javax.persistence:hibernate-jpa-2.1-api:1.0.0.Final
|    +--- org.javassist:javassist:3.20.0-GA
|    +--- antlr:antlr:2.7.7
|    +--- org.apache.geronimo.specs:geronimo-jta_1.1_spec:1.1.1
|    +--- org.jboss:jandex:2.0.0.Final
|    +--- com.fasterxml:classmate:1.3.0 -> 1.3.1
|    +--- dom4j:dom4j:1.6.1
|    +--- org.hibernate.common:hibernate-commons-annotations:5.0.1.Final
|    |    \--- org.jboss.logging:jboss-logging:3.3.0.Final
|    \--- javax.enterprise:cdi-api:1.1-PFD
|         +--- javax.el:el-api:2.2
|         +--- org.jboss.spec.javax.interceptor:jboss-interceptors-api_1.1_spec:1.0.0.Beta1
|         +--- javax.annotation:jsr250-api:1.0
|         \--- javax.inject:javax.inject:1
+--- org.apache.commons:commons-dbcp2:2.1.1
|    \--- org.apache.commons:commons-pool2:2.4.2
+--- org.aspectj:aspectjtools:1.6.2
+--- me.gking2224:gk-microservice-utils:0.0.1-SNAPSHOT
|    +--- org.springframework.boot:spring-boot:1.4.1.RELEASE (*)
|    +--- javax.servlet:javax.servlet-api:3.1.0
|    +--- org.springframework:spring-context-support:4.3.1.RELEASE (*)
|    +--- org.springframework:spring-web:4.3.1.RELEASE (*)
|    +--- org.springframework:spring-webmvc:4.3.1.RELEASE (*)
|    +--- com.fasterxml.jackson.core:jackson-databind:2.8.0 (*)
|    +--- com.jayway.jsonpath:json-path:2.2.0 (*)
|    +--- commons-lang:commons-lang:2.4
|    +--- commons-io:commons-io:2.5
|    +--- commons-beanutils:commons-beanutils:1.9.3 -> 1.9.2
|    |    \--- commons-collections:commons-collections:3.2.1 -> 3.2.2
|    +--- junit:junit:4.12
|    |    \--- org.hamcrest:hamcrest-core:1.3
|    +--- org.springframework:spring-test:4.3.1.RELEASE -> 4.3.3.RELEASE
|    |    \--- org.springframework:spring-core:4.3.3.RELEASE -> 4.3.1.RELEASE
|    +--- org.springframework.batch:spring-batch-core:3.0.7.RELEASE (*)
|    +--- org.slf4j:slf4j-api:1.7.21
|    +--- mysql:mysql-connector-mxj:5.0.12
|    |    +--- mysql:mysql-connector-mxj-db-files:5.0.12
|    |    \--- mysql:mysql-connector-java:5.1.17 -> 5.1.39
|    +--- javax.persistence:persistence-api:1.0.2
|    +--- org.springframework:spring-jdbc:4.3.1.RELEASE (*)
|    \--- org.springframework:spring-orm:4.3.1.RELEASE (*)
+--- org.apache.tomcat:tomcat-catalina:8.5.5
|    +--- org.apache.tomcat:tomcat-servlet-api:8.5.5
|    +--- org.apache.tomcat:tomcat-jsp-api:8.5.5
|    |    +--- org.apache.tomcat:tomcat-el-api:8.5.5
|    |    \--- org.apache.tomcat:tomcat-servlet-api:8.5.5
|    +--- org.apache.tomcat:tomcat-juli:8.5.5
|    +--- org.apache.tomcat:tomcat-annotations-api:8.5.5
|    +--- org.apache.tomcat:tomcat-api:8.5.5
|    |    \--- org.apache.tomcat:tomcat-servlet-api:8.5.5
|    +--- org.apache.tomcat:tomcat-jni:8.5.5
|    +--- org.apache.tomcat:tomcat-coyote:8.5.5
|    |    +--- org.apache.tomcat:tomcat-servlet-api:8.5.5
|    |    +--- org.apache.tomcat:tomcat-jni:8.5.5
|    |    +--- org.apache.tomcat:tomcat-juli:8.5.5
|    |    \--- org.apache.tomcat:tomcat-util:8.5.5
|    |         \--- org.apache.tomcat:tomcat-juli:8.5.5
|    +--- org.apache.tomcat:tomcat-util:8.5.5 (*)
|    \--- org.apache.tomcat:tomcat-util-scan:8.5.5
|         +--- org.apache.tomcat:tomcat-util:8.5.5 (*)
|         +--- org.apache.tomcat:tomcat-juli:8.5.5
|         \--- org.apache.tomcat:tomcat-api:8.5.5 (*)
+--- javax.security.auth.message:javax.security.auth.message-api:1.1
+--- mysql:mysql-connector-java:5.1.39
+--- ch.qos.logback:logback-core:1.0.13
+--- ch.qos.logback:logback-classic:1.0.13 (*)
+--- ch.qos.logback:logback-access:1.0.13
|    \--- ch.qos.logback:logback-core:1.0.13
+--- org.slf4j:jcl-over-slf4j:1.7.21 (*)
+--- org.slf4j:jul-to-slf4j:1.7.21 (*)
\--- mysql:mysql-connector-mxj:5.0.12 (*)

(*) - dependencies omitted (listed previously)

BUILD SUCCESSFUL

Total time: 7.969 secs

This build could be faster, please consider using the Gradle Daemon: https://docs.gradle.org/2.14/userguide/gradle_daemon.html
